<?xml version="1.0" encoding="UTF-8"?>
<!-- Generated by org.testng.reporters.JUnitReportReporter -->
<testsuite hostname="MUGEN" name="mavenproject.MavenClass" tests="1" failures="0" timestamp="27 Aug 2019 07:57:41 GMT" time="13.493" errors="0">
  <testcase name="launchBrowser" time="13.493" classname="mavenproject.MavenClass"/>
</testsuite> <!-- mavenproject.MavenClass -->
